2025-07-24 17:52:19,652 - INFO - 窗口已设置为置顶
2025-07-24 17:52:19,654 - INFO - 已加载验证码配置: f:\shoujifahuoxinxi\captcha_config.json
2025-07-24 17:52:22,600 - INFO - 启动浏览器: C:\Program Files (x86)\Microsoft\Edge\Application\msedge.exe --remote-debugging-port=9222 --user-data-dir=C:\Users\Administrator\AppData\Local\Temp\captcha_test_profile --remote-allow-origins=* --disable-popup-blocking --disable-extensions --disable-translate --no-first-run https://mms.pinduoduo.com/orders/list?msfrom=mms_sidenav
2025-07-24 17:52:22,620 - INFO - 浏览器已启动，PID: 15540
2025-07-24 17:52:24,893 - INFO - 尝试连接浏览器调试端口 (尝试 1/3)...
2025-07-24 17:52:24,904 - INFO - 找到拼多多页面: 拼多多 商家后台
2025-07-24 17:52:24,907 - INFO - 正在连接到页面: 拼多多 商家后台 (https://mms.pinduoduo.com/orders/list?msfrom=mms_sidenav)
2025-07-24 17:52:24,912 - INFO - 已成功连接到浏览器调试接口
2025-07-24 17:52:29,923 - INFO - 等待Page.enable响应超时
2025-07-24 17:52:29,929 - INFO - 无法启用页面事件监听
2025-07-24 17:52:34,939 - INFO - 等待DOM.enable响应超时
2025-07-24 17:52:34,941 - INFO - 无法启用DOM事件
2025-07-24 17:55:17,047 - INFO - 窗口已设置为置顶
2025-07-24 17:55:17,049 - INFO - 已加载验证码配置: f:\shoujifahuoxinxi\captcha_config.json
2025-07-24 17:55:24,100 - INFO - 窗口已设置为置顶
2025-07-24 17:55:24,102 - INFO - 已加载验证码配置: f:\shoujifahuoxinxi\captcha_config.json
2025-07-24 17:55:27,539 - INFO - 使用浏览器: C:\Program Files (x86)\Microsoft\Edge\Application\msedge.exe
2025-07-24 17:55:27,540 - INFO - 启动浏览器: C:\Program Files (x86)\Microsoft\Edge\Application\msedge.exe --remote-debugging-port=9222 --user-data-dir=C:\Users\Administrator\AppData\Local\Temp\captcha_test_profile --remote-allow-origins=* --disable-popup-blocking --disable-extensions --disable-translate --no-first-run --no-sandbox https://mms.pinduoduo.com/orders/list?msfrom=mms_sidenav
2025-07-24 17:55:27,561 - INFO - 浏览器已启动，PID: 36096
2025-07-24 17:55:27,568 - INFO - 等待浏览器启动...
2025-07-24 17:55:32,857 - INFO - 尝试连接浏览器调试端口 (尝试 1/5)...
2025-07-24 17:55:32,864 - INFO - 找到拼多多页面: 订单查询
2025-07-24 17:55:32,868 - INFO - 正在连接到页面: 订单查询 (https://mms.pinduoduo.com/orders/list?msfrom=mms_sidenav)
2025-07-24 17:55:32,873 - INFO - 创建WebSocket连接...
2025-07-24 17:55:32,880 - INFO - 已成功连接到浏览器调试接口
2025-07-24 17:55:32,886 - INFO - 尝试启用页面事件 (尝试 1/3)...
2025-07-24 17:55:32,888 - INFO - 发送CDP命令: Page.enable
2025-07-24 17:55:52,910 - INFO - 等待Page.enable响应超时，将重试...
2025-07-24 17:56:01,048 - INFO - 开始采集验证码窗口特征，请将鼠标悬停在验证码窗口上并按下F8...
2025-07-24 17:56:07,249 - INFO - 鼠标位置: (945, 544)
2025-07-24 17:56:07,251 - INFO - 发送CDP命令: DOM.getNodeForLocation
2025-07-24 17:56:15,484 - INFO - 验证码检测器已启动，使用特征: 验证码窗口
2025-07-24 17:56:15,486 - INFO - 验证码检测器已启动
2025-07-24 17:56:15,493 - INFO - 仅使用DOM监听检测验证码，已禁用图像检测
2025-07-24 17:56:15,495 - INFO - 发送CDP命令: Runtime.evaluate
2025-07-24 17:56:23,034 - INFO - 模拟检测到验证码，触发处理流程
2025-07-24 17:56:23,036 - INFO - 检测到验证码窗口，已自动暂停操作！请完成验证码后点击「继续」按钮
2025-07-24 17:56:23,039 - INFO - 所有操作已全局暂停
2025-07-24 17:56:23,106 - INFO - 已保存截图: f:\shoujifahuoxinxi\screenshots\captcha_detected_20250724_175623.png
2025-07-24 17:56:27,497 - INFO - 接收响应出错: Connection to remote host was lost.
2025-07-24 17:56:27,497 - INFO - 接收响应出错: socket is already closed.
2025-07-24 17:56:27,497 - INFO - 接收响应出错: socket is already closed.
2025-07-24 17:56:28,596 - INFO - 发送CDP命令 Page.enable 失败: main thread is not in main loop
2025-07-24 17:56:28,596 - INFO - 发送CDP命令 Runtime.evaluate 失败: main thread is not in main loop
2025-07-24 17:56:28,596 - INFO - 发送CDP命令 DOM.getNodeForLocation 失败: main thread is not in main loop
2025-07-24 17:56:29,685 - INFO - 注册页面事件失败: main thread is not in main loop
2025-07-24 17:56:29,685 - INFO - 采集验证码窗口特征时出错: main thread is not in main loop
2025-07-24 17:56:29,685 - INFO - 浏览器连接异常，将重新连接
2025-07-24 17:56:30,779 - INFO - 验证码检测过程中出错: main thread is not in main loop
2025-07-24 17:56:30,779 - INFO - 连接浏览器失败: main thread is not in main loop
2025-07-24 17:56:31,883 - INFO - 验证码检测线程出错: main thread is not in main loop
2025-07-24 18:02:20,905 - INFO - 使用浏览器: C:\Program Files (x86)\Microsoft\Edge\Application\msedge.exe
2025-07-24 18:02:20,906 - INFO - 启动浏览器...
2025-07-24 18:02:20,921 - INFO - 浏览器已启动，PID: 5164
2025-07-24 18:02:20,921 - INFO - 等待浏览器启动...
2025-07-24 18:02:23,923 - INFO - 验证码检测器已启动
2025-07-24 18:02:23,927 - INFO - 找到拼多多页面: 拼多多商家后台，一站式店铺管理工作台，0元开店坐享流量红利，高效店铺工具轻松上手，与百万卖家交流经营心得
2025-07-24 18:02:23,928 - INFO - 已成功连接到浏览器调试接口
2025-07-24 18:02:47,913 - ERROR - 监听事件出错: socket is already closed.
2025-07-24 18:02:49,031 - INFO - 验证码检测器已停止
2025-07-24 18:02:49,186 - INFO - 浏览器已关闭
2025-07-24 18:04:09,613 - INFO - 使用浏览器: C:\Program Files (x86)\Microsoft\Edge\Application\msedge.exe
2025-07-24 18:04:09,615 - INFO - 启动浏览器...
2025-07-24 18:04:09,629 - INFO - 浏览器已启动，PID: 30032
2025-07-24 18:04:09,630 - INFO - 等待浏览器启动...
2025-07-24 18:04:12,631 - INFO - 验证码检测器已启动
2025-07-24 18:04:12,636 - INFO - 找到拼多多页面: 拼多多商家后台，一站式店铺管理工作台，0元开店坐享流量红利，高效店铺工具轻松上手，与百万卖家交流经营心得
2025-07-24 18:04:12,637 - INFO - 已成功连接到浏览器调试接口
2025-07-24 18:05:26,857 - WARNING - 检测器已经在运行中
2025-07-24 18:05:30,508 - INFO - 验证码状态已重置，继续监测
2025-07-24 18:05:33,384 - WARNING - 检测器已经在运行中
2025-07-24 18:06:02,156 - INFO - 验证码检测器已停止
2025-07-24 18:06:02,157 - ERROR - 监听事件出错: Expecting value: line 1 column 1 (char 0)
2025-07-24 18:06:02,298 - INFO - 浏览器已关闭
2025-07-24 18:13:23,199 - INFO - 使用浏览器: C:\Program Files (x86)\Microsoft\Edge\Application\msedge.exe
2025-07-24 18:13:23,202 - INFO - 启动浏览器...
2025-07-24 18:13:23,215 - INFO - 浏览器已启动，PID: 7324
2025-07-24 18:13:23,215 - INFO - 等待浏览器启动...
2025-07-24 18:13:26,219 - INFO - 验证码检测器已启动
2025-07-24 18:13:26,224 - INFO - 找到拼多多页面: 订单查询
2025-07-24 18:13:26,241 - INFO - 已成功连接到浏览器调试接口
2025-07-24 18:13:31,603 - WARNING - 检测器已经在运行中
2025-07-24 18:13:57,876 - INFO - 验证码检测器已停止
2025-07-24 18:13:57,876 - ERROR - 监听事件出错: socket is already closed.
2025-07-24 18:13:58,030 - INFO - 浏览器已关闭
2025-07-24 18:19:54,026 - INFO - 使用浏览器: C:\Program Files (x86)\Microsoft\Edge\Application\msedge.exe
2025-07-24 18:19:54,030 - INFO - 启动浏览器...
2025-07-24 18:19:54,051 - INFO - 浏览器已启动，PID: 35928
2025-07-24 18:19:54,051 - INFO - 等待浏览器启动...
2025-07-24 18:19:57,053 - INFO - 验证码检测器已启动
2025-07-24 18:19:57,058 - INFO - 找到拼多多页面: 订单查询
2025-07-24 18:19:57,059 - INFO - 已成功连接到浏览器调试接口
2025-07-24 18:19:58,477 - WARNING - 检测器已经在运行中
2025-07-24 18:20:17,109 - INFO - 启用网络请求监听，监控验证码相关请求...
2025-07-24 18:20:20,684 - INFO - 验证码检测器已停止
2025-07-24 18:20:20,821 - INFO - 浏览器已关闭
2025-07-24 18:25:25,627 - INFO - 使用浏览器: C:\Program Files (x86)\Microsoft\Edge\Application\msedge.exe
2025-07-24 18:25:25,631 - INFO - 启动浏览器...
2025-07-24 18:25:25,651 - INFO - 浏览器已启动，PID: 28652
2025-07-24 18:25:25,651 - INFO - 等待浏览器启动...
2025-07-24 18:25:28,652 - INFO - 验证码检测器已启动
2025-07-24 18:25:28,657 - INFO - 找到拼多多页面: 订单查询
2025-07-24 18:25:28,658 - INFO - 已成功连接到浏览器调试接口
2025-07-24 18:25:32,500 - WARNING - 检测器已经在运行中
2025-07-24 18:25:48,683 - INFO - 启用网络请求监听，监控验证码相关请求...
2025-07-24 18:26:24,145 - ERROR - 监听事件出错: Connection to remote host was lost.
2025-07-24 18:26:24,812 - ERROR - 发送CDP命令 Runtime.evaluate 失败: socket is already closed.
2025-07-24 18:26:24,816 - INFO - 验证码检测器已停止
2025-07-24 18:26:24,909 - INFO - 浏览器已关闭
2025-07-24 18:38:43,401 - INFO - 已清理旧的验证码样本
2025-07-24 18:38:45,578 - INFO - 使用浏览器: C:\Program Files (x86)\Microsoft\Edge\Application\msedge.exe
2025-07-24 18:38:45,579 - INFO - 启动浏览器...
2025-07-24 18:38:45,593 - INFO - 浏览器已启动，PID: 33164
2025-07-24 18:38:45,593 - INFO - 等待浏览器启动...
2025-07-24 18:38:48,594 - INFO - 验证码检测器已启动
2025-07-24 18:38:48,599 - INFO - 找到拼多多页面: 订单查询
2025-07-24 18:38:48,600 - INFO - 已成功连接到浏览器调试接口
2025-07-24 18:38:52,759 - WARNING - 检测器已经在运行中
2025-07-24 18:39:09,238 - INFO - 验证码检测器已停止
2025-07-24 18:39:09,383 - INFO - 浏览器已关闭
2025-07-24 19:17:01,923 - INFO - 已清理旧的验证码样本
2025-07-24 19:20:23,792 - INFO - 已清理旧的验证码样本
2025-07-24 19:22:23,609 - INFO - 已清理旧的验证码样本
2025-07-24 19:27:36,579 - INFO - 已清理旧的验证码样本
2025-07-24 19:27:50,849 - INFO - 使用浏览器: C:\Program Files (x86)\Microsoft\Edge\Application\msedge.exe
2025-07-24 19:27:50,851 - INFO - 启动浏览器...
2025-07-24 19:27:50,866 - INFO - 浏览器已启动，PID: 9928
2025-07-24 19:28:00,298 - INFO - 验证码检测器已启动
2025-07-24 19:28:00,308 - INFO - 找到拼多多页面: 订单查询
2025-07-24 19:28:00,309 - INFO - 已成功连接到浏览器调试接口
